<?xml version="1.0" encoding="UTF-8"?>
<!-- Generated by org.testng.reporters.JUnitReportReporter -->
<testsuite skipped="0" hostname="SLDT067" name="com.sailotech.assignment.tripadvisor.Trip" tests="1" failures="0" timestamp="10 Jan 2020 20:33:39 GMT" time="47.208" errors="0">
  <testcase name="TripAdvisor" time="47.208" classname="com.sailotech.assignment.tripadvisor.Trip"/>
</testsuite> <!-- com.sailotech.assignment.tripadvisor.Trip -->
