<?xml version="1.0" encoding="UTF-8"?>
<!-- Generated by org.testng.reporters.JUnitReportReporter -->
<testsuite skipped="0" hostname="SLDT067" name="com.sailotech.assignment.project.IPhoneXR64GB" tests="1" failures="0" timestamp="10 Jan 2020 13:06:48 GMT" time="16.720" errors="0">
  <testcase name="comparePrice" time="16.720" classname="com.sailotech.assignment.project.IPhoneXR64GB"/>
</testsuite> <!-- com.sailotech.assignment.project.IPhoneXR64GB -->
