<?xml version="1.0" encoding="UTF-8"?>
<!-- Generated by org.testng.reporters.JUnitReportReporter -->
<testsuite skipped="0" hostname="SLDT067" name="com.sailotech.assignment.iphonexr64gb.IPhoneXR64GB" tests="1" failures="0" timestamp="10 Jan 2020 20:32:23 GMT" time="19.469" errors="0">
  <testcase name="comparePrice" time="19.469" classname="com.sailotech.assignment.iphonexr64gb.IPhoneXR64GB"/>
</testsuite> <!-- com.sailotech.assignment.iphonexr64gb.IPhoneXR64GB -->
